REGISTER AS UNEXPANDED #<ABOX-NODE TEMP/1> : #<C101|700>


***** SAT TESTING OF #<ABOX TEMP/11174/NIL> : ABOX, TBOX #<TBOX GALEN1, PREPARED, UNFOLDABLE, CLASSIFIED, 188 PCDs, 11 CDs, 0 GCIs, 0 MCs>, LANGUAGE ALC. SETTINGS: 
DEP.DIRECTED.BACKTR.NIL
ALL COMPLETIONS:    NIL
REUSE NODES:        NIL
SEMANTIC BRANCHING: NIL
NON DETERMINISM:    T
TBOX:               #<TBOX GALEN1, PREPARED, UNFOLDABLE, CLASSIFIED, 188 PCDs, 11 CDs, 0 GCIs, 0 MCs>
META CONSTRAINTS:   NIL



**** INCARNATION LEVEL 1 *****

#<ABOX Nodes: (#<ABOX-NODE TEMP/1>), Edges:
NIL>


Expanding determinisitic constraints...



#<ABOX Node TEMP/1:

   TOLD             (#<C101|700>)
   ----------------------------
   UNEXPANDED POSITIVE ATOMS (#<C101|700>) 
   UNEXPANDED NEGATIVE ATOMS NIL
   UNEXPANDED          ANDS  NIL
   UNEXPANDED          ORS   NIL
   UNEXPANDED          SOMES NIL
   UNEXPANDED          ALLS  NIL
   ----------------------------
   EXPANDED POSITIVE ATOMS   NIL
   EXPANDED NEGATIVE ATOMS   NIL
   EXPANDED          ANDS    NIL
   EXPANDED          ORS     NIL
   EXPANDED          SOMES   NIL
   EXPANDED          ALLS    NIL>


*** LOOKING FOR ATOMS... 
Found UNEXPANDED ATOM #<ABOX-NODE TEMP/1> : #<C101|700>

I'VE EXPANDED #<ABOX-NODE TEMP/1> : #<C101|700>
Node #<ABOX-NODE TEMP/1>: Adding concept definition of #<C101|700> : #<(AND #<C32|165> #<(SOME #<SIMPLE-ROLE R184> #<C27|140>)|174>|366)>
REGISTER AS UNEXPANDED #<ABOX-NODE TEMP/1> : #<(AND #<C32|165> #<(SOME #<SIMPLE-ROLE R184> #<C27|140>)|174>|366)>

#<(AND #<C32|165> #<(SOME #<SIMPLE-ROLE R184> #<C27|140>)|174>|366)> DEPENDS ON : ((#<ABOX-NODE TEMP/1> #<C101|700>))

*** LOOKING FOR ANDS... 
Found TRUE AND #<ABOX-NODE TEMP/1> : #<(AND #<C32|165> #<(SOME #<SIMPLE-ROLE R184> #<C27|140>)|174>|366)>
Found UNEXPANDED AND #<ABOX-NODE TEMP/1> : #<(AND #<C32|165> #<(SOME #<SIMPLE-ROLE R184> #<C27|140>)|174>|366)>

I'VE EXPANDED #<ABOX-NODE TEMP/1> : #<(AND #<C32|165> #<(SOME #<SIMPLE-ROLE R184> #<C27|140>)|174>|366)>
REGISTER AS UNEXPANDED #<ABOX-NODE TEMP/1> : #<C32|165>

#<C32|165> DEPENDS ON : ((#<ABOX-NODE TEMP/1> #<(AND #<C32|165> #<(SOME #<SIMPLE-ROLE R184> #<C27|140>)|174>|366)>))

REGISTER AS UNEXPANDED #<ABOX-NODE TEMP/1> : #<(SOME #<SIMPLE-ROLE R184> #<C27|140>)|174>

#<(SOME #<SIMPLE-ROLE R184> #<C27|140>)|174> DEPENDS ON : ((#<ABOX-NODE TEMP/1> #<(AND #<C32|165> #<(SOME #<SIMPLE-ROLE R184> #<C27|140>)|174>|366)>))

*** LOOKING FOR DETERMINISTIC ORs... 
*** LOOKING FOR SATISFIED SOMEs... 
*** LOOKING FOR ATOMS... 
Found UNEXPANDED ATOM #<ABOX-NODE TEMP/1> : #<C32|165>

I'VE EXPANDED #<ABOX-NODE TEMP/1> : #<C32|165>
Node #<ABOX-NODE TEMP/1>: Adding concept definition of #<C32|165> : #<(AND #<C20|93> #<(OR #<(ALL #<SIMPLE-ROLE R180> #<(NOT C25|131>)|167> #<(SOME #<SIMPLE-ROLE R178> #<C25|130>)|169>|171)> #<(OR #<(ALL #<SIMPLE-ROLE R184> #<(NOT C27|141>)|173> #<(SOME #<SIMPLE-ROLE R182> #<C27|140>)|175>|177)> #<(OR #<(SOME #<SIMPLE-ROLE R178> #<C25|130>)|169> #<(ALL #<SIMPLE-ROLE R180> #<(NOT C28|146>)|179> #<(ALL #<SIMPLE-ROLE R366> #<(OR #<(NOT C29|151> #<(ALL #<SIMPLE-ROLE R202> #<(NOT C31|161>)|181>|183)>)|185>|187)>|189)>
REGISTER AS UNEXPANDED #<ABOX-NODE TEMP/1> : #<(AND #<C20|93> #<(OR #<(ALL #<SIMPLE-ROLE R180> #<(NOT C25|131>)|167> #<(SOME #<SIMPLE-ROLE R178> #<C25|130>)|169>|171)> #<(OR #<(ALL #<SIMPLE-ROLE R184> #<(NOT C27|141>)|173> #<(SOME #<SIMPLE-ROLE R182> #<C27|140>)|175>|177)> #<(OR #<(SOME #<SIMPLE-ROLE R178> #<C25|130>)|169> #<(ALL #<SIMPLE-ROLE R180> #<(NOT C28|146>)|179> #<(ALL #<SIMPLE-ROLE R366> #<(OR #<(NOT C29|151> #<(ALL #<SIMPLE-ROLE R202> #<(NOT C31|161>)|181>|183)>)|185>|187)>|189)>

#<(AND #<C20|93> #<(OR #<(ALL #<SIMPLE-ROLE R180> #<(NOT C25|131>)|167> #<(SOME #<SIMPLE-ROLE R178> #<C25|130>)|169>|171)> #<(OR #<(ALL #<SIMPLE-ROLE R184> #<(NOT C27|141>)|173> #<(SOME #<SIMPLE-ROLE R182> #<C27|140>)|175>|177)> #<(OR #<(SOME #<SIMPLE-ROLE R178> #<C25|130>)|169> #<(ALL #<SIMPLE-ROLE R180> #<(NOT C28|146>)|179> #<(ALL #<SIMPLE-ROLE R366> #<(OR #<(NOT C29|151> #<(ALL #<SIMPLE-ROLE R202> #<(NOT C31|161>)|181>|183)>)|185>|187)>|189)> DEPENDS ON : ((#<ABOX-NODE TEMP/1> #<C32|165>))

*** LOOKING FOR ANDS... 
Found TRUE AND #<ABOX-NODE TEMP/1> : #<(AND #<C20|93> #<(OR #<(ALL #<SIMPLE-ROLE R180> #<(NOT C25|131>)|167> #<(SOME #<SIMPLE-ROLE R178> #<C25|130>)|169>|171)> #<(OR #<(ALL #<SIMPLE-ROLE R184> #<(NOT C27|141>)|173> #<(SOME #<SIMPLE-ROLE R182> #<C27|140>)|175>|177)> #<(OR #<(SOME #<SIMPLE-ROLE R178> #<C25|130>)|169> #<(ALL #<SIMPLE-ROLE R180> #<(NOT C28|146>)|179> #<(ALL #<SIMPLE-ROLE R366> #<(OR #<(NOT C29|151> #<(ALL #<SIMPLE-ROLE R202> #<(NOT C31|161>)|181>|183)>)|185>|187)>|189)>
Found UNEXPANDED AND #<ABOX-NODE TEMP/1> : #<(AND #<C20|93> #<(OR #<(ALL #<SIMPLE-ROLE R180> #<(NOT C25|131>)|167> #<(SOME #<SIMPLE-ROLE R178> #<C25|130>)|169>|171)> #<(OR #<(ALL #<SIMPLE-ROLE R184> #<(NOT C27|141>)|173> #<(SOME #<SIMPLE-ROLE R182> #<C27|140>)|175>|177)> #<(OR #<(SOME #<SIMPLE-ROLE R178> #<C25|130>)|169> #<(ALL #<SIMPLE-ROLE R180> #<(NOT C28|146>)|179> #<(ALL #<SIMPLE-ROLE R366> #<(OR #<(NOT C29|151> #<(ALL #<SIMPLE-ROLE R202> #<(NOT C31|161>)|181>|183)>)|185>|187)>|189)>

I'VE EXPANDED #<ABOX-NODE TEMP/1> : #<(AND #<C20|93> #<(OR #<(ALL #<SIMPLE-ROLE R180> #<(NOT C25|131>)|167> #<(SOME #<SIMPLE-ROLE R178> #<C25|130>)|169>|171)> #<(OR #<(ALL #<SIMPLE-ROLE R184> #<(NOT C27|141>)|173> #<(SOME #<SIMPLE-ROLE R182> #<C27|140>)|175>|177)> #<(OR #<(SOME #<SIMPLE-ROLE R178> #<C25|130>)|169> #<(ALL #<SIMPLE-ROLE R180> #<(NOT C28|146>)|179> #<(ALL #<SIMPLE-ROLE R366> #<(OR #<(NOT C29|151> #<(ALL #<SIMPLE-ROLE R202> #<(NOT C31|161>)|181>|183)>)|185>|187)>|189)>
REGISTER AS UNEXPANDED #<ABOX-NODE TEMP/1> : #<C20|93>

#<C20|93> DEPENDS ON : ((#<ABOX-NODE TEMP/1> #<(AND #<C20|93> #<(OR #<(ALL #<SIMPLE-ROLE R180> #<(NOT C25|131>)|167> #<(SOME #<SIMPLE-ROLE R178> #<C25|130>)|169>|171)> #<(OR #<(ALL #<SIMPLE-ROLE R184> #<(NOT C27|141>)|173> #<(SOME #<SIMPLE-ROLE R182> #<C27|140>)|175>|177)> #<(OR #<(SOME #<SIMPLE-ROLE R178> #<C25|130>)|169> #<(ALL #<SIMPLE-ROLE R180> #<(NOT C28|146>)|179> #<(ALL #<SIMPLE-ROLE R366> #<(OR #<(NOT C29|151> #<(ALL #<SIMPLE-ROLE R202> #<(NOT C31|161>)|181>|183)>)|185>|187)>|189)>))

REGISTER AS UNEXPANDED #<ABOX-NODE TEMP/1> : #<(OR #<(ALL #<SIMPLE-ROLE R180> #<(NOT C25|131>)|167> #<(SOME #<SIMPLE-ROLE R178> #<C25|130>)|169>|171)>

#<(OR #<(ALL #<SIMPLE-ROLE R180> #<(NOT C25|131>)|167> #<(SOME #<SIMPLE-ROLE R178> #<C25|130>)|169>|171)> DEPENDS ON : ((#<ABOX-NODE TEMP/1> #<(AND #<C20|93> #<(OR #<(ALL #<SIMPLE-ROLE R180> #<(NOT C25|131>)|167> #<(SOME #<SIMPLE-ROLE R178> #<C25|130>)|169>|171)> #<(OR #<(ALL #<SIMPLE-ROLE R184> #<(NOT C27|141>)|173> #<(SOME #<SIMPLE-ROLE R182> #<C27|140>)|175>|177)> #<(OR #<(SOME #<SIMPLE-ROLE R178> #<C25|130>)|169> #<(ALL #<SIMPLE-ROLE R180> #<(NOT C28|146>)|179> #<(ALL #<SIMPLE-ROLE R366> #<(OR #<(NOT C29|151> #<(ALL #<SIMPLE-ROLE R202> #<(NOT C31|161>)|181>|183)>)|185>|187)>|189)>))

REGISTER AS UNEXPANDED #<ABOX-NODE TEMP/1> : #<(OR #<(SOME #<SIMPLE-ROLE R178> #<C25|130>)|169> #<(ALL #<SIMPLE-ROLE R180> #<(NOT C28|146>)|179> #<(ALL #<SIMPLE-ROLE R366> #<(OR #<(NOT C29|151> #<(ALL #<SIMPLE-ROLE R202> #<(NOT C31|161>)|181>|183)>)|185>|187)>

#<(OR #<(SOME #<SIMPLE-ROLE R178> #<C25|130>)|169> #<(ALL #<SIMPLE-ROLE R180> #<(NOT C28|146>)|179> #<(ALL #<SIMPLE-ROLE R366> #<(OR #<(NOT C29|151> #<(ALL #<SIMPLE-ROLE R202> #<(NOT C31|161>)|181>|183)>)|185>|187)> DEPENDS ON : ((#<ABOX-NODE TEMP/1> #<(AND #<C20|93> #<(OR #<(ALL #<SIMPLE-ROLE R180> #<(NOT C25|131>)|167> #<(SOME #<SIMPLE-ROLE R178> #<C25|130>)|169>|171)> #<(OR #<(ALL #<SIMPLE-ROLE R184> #<(NOT C27|141>)|173> #<(SOME #<SIMPLE-ROLE R182> #<C27|140>)|175>|177)> #<(OR #<(SOME #<SIMPLE-ROLE R178> #<C25|130>)|169> #<(ALL #<SIMPLE-ROLE R180> #<(NOT C28|146>)|179> #<(ALL #<SIMPLE-ROLE R366> #<(OR #<(NOT C29|151> #<(ALL #<SIMPLE-ROLE R202> #<(NOT C31|161>)|181>|183)>)|185>|187)>|189)>))

*** LOOKING FOR DETERMINISTIC ORs... 
*** LOOKING FOR SATISFIED SOMEs... 
*** LOOKING FOR ATOMS... 
Found UNEXPANDED ATOM #<ABOX-NODE TEMP/1> : #<C20|93>

I'VE EXPANDED #<ABOX-NODE TEMP/1> : #<C20|93>
Node #<ABOX-NODE TEMP/1>: Adding concept definition of #<C20|93> : #<(AND #<C4|13> #<(OR #<(ALL #<SIMPLE-ROLE R390> #<(NOT C13|59>)|95> #<(SOME #<SIMPLE-ROLE R398> #<(AND #<C14|63> #<(SOME #<SIMPLE-ROLE R202> #<C19|88>)|97>|99)>)|101>|103)>|105)>
REGISTER AS UNEXPANDED #<ABOX-NODE TEMP/1> : #<(AND #<C4|13> #<(OR #<(ALL #<SIMPLE-ROLE R390> #<(NOT C13|59>)|95> #<(SOME #<SIMPLE-ROLE R398> #<(AND #<C14|63> #<(SOME #<SIMPLE-ROLE R202> #<C19|88>)|97>|99)>)|101>|103)>|105)>

#<(AND #<C4|13> #<(OR #<(ALL #<SIMPLE-ROLE R390> #<(NOT C13|59>)|95> #<(SOME #<SIMPLE-ROLE R398> #<(AND #<C14|63> #<(SOME #<SIMPLE-ROLE R202> #<C19|88>)|97>|99)>)|101>|103)>|105)> DEPENDS ON : ((#<ABOX-NODE TEMP/1> #<C20|93>))

*** LOOKING FOR ANDS... 
Found TRUE AND #<ABOX-NODE TEMP/1> : #<(AND #<C4|13> #<(OR #<(ALL #<SIMPLE-ROLE R390> #<(NOT C13|59>)|95> #<(SOME #<SIMPLE-ROLE R398> #<(AND #<C14|63> #<(SOME #<SIMPLE-ROLE R202> #<C19|88>)|97>|99)>)|101>|103)>|105)>
Found UNEXPANDED AND #<ABOX-NODE TEMP/1> : #<(AND #<C4|13> #<(OR #<(ALL #<SIMPLE-ROLE R390> #<(NOT C13|59>)|95> #<(SOME #<SIMPLE-ROLE R398> #<(AND #<C14|63> #<(SOME #<SIMPLE-ROLE R202> #<C19|88>)|97>|99)>)|101>|103)>|105)>

I'VE EXPANDED #<ABOX-NODE TEMP/1> : #<(AND #<C4|13> #<(OR #<(ALL #<SIMPLE-ROLE R390> #<(NOT C13|59>)|95> #<(SOME #<SIMPLE-ROLE R398> #<(AND #<C14|63> #<(SOME #<SIMPLE-ROLE R202> #<C19|88>)|97>|99)>)|101>|103)>|105)>
REGISTER AS UNEXPANDED #<ABOX-NODE TEMP/1> : #<C4|13>

#<C4|13> DEPENDS ON : ((#<ABOX-NODE TEMP/1> #<(AND #<C4|13> #<(OR #<(ALL #<SIMPLE-ROLE R390> #<(NOT C13|59>)|95> #<(SOME #<SIMPLE-ROLE R398> #<(AND #<C14|63> #<(SOME #<SIMPLE-ROLE R202> #<C19|88>)|97>|99)>)|101>|103)>|105)>))

REGISTER AS UNEXPANDED #<ABOX-NODE TEMP/1> : #<(OR #<(ALL #<SIMPLE-ROLE R390> #<(NOT C13|59>)|95> #<(SOME #<SIMPLE-ROLE R398> #<(AND #<C14|63> #<(SOME #<SIMPLE-ROLE R202> #<C19|88>)|97>|99)>)|101>|103)>

#<(OR #<(ALL #<SIMPLE-ROLE R390> #<(NOT C13|59>)|95> #<(SOME #<SIMPLE-ROLE R398> #<(AND #<C14|63> #<(SOME #<SIMPLE-ROLE R202> #<C19|88>)|97>|99)>)|101>|103)> DEPENDS ON : ((#<ABOX-NODE TEMP/1> #<(AND #<C4|13> #<(OR #<(ALL #<SIMPLE-ROLE R390> #<(NOT C13|59>)|95> #<(SOME #<SIMPLE-ROLE R398> #<(AND #<C14|63> #<(SOME #<SIMPLE-ROLE R202> #<C19|88>)|97>|99)>)|101>|103)>|105)>))

*** LOOKING FOR DETERMINISTIC ORs... 
*** LOOKING FOR SATISFIED SOMEs... 
*** LOOKING FOR ATOMS... 
Found UNEXPANDED ATOM #<ABOX-NODE TEMP/1> : #<C4|13>

I'VE EXPANDED #<ABOX-NODE TEMP/1> : #<C4|13>
Node #<ABOX-NODE TEMP/1>: Adding concept definition of #<C4|13> : #<C1|2>
REGISTER AS UNEXPANDED #<ABOX-NODE TEMP/1> : #<C1|2>

#<C1|2> DEPENDS ON : ((#<ABOX-NODE TEMP/1> #<C4|13>))

*** LOOKING FOR ANDS... 
*** LOOKING FOR DETERMINISTIC ORs... 
*** LOOKING FOR SATISFIED SOMEs... 
*** LOOKING FOR ATOMS... 
Found UNEXPANDED ATOM #<ABOX-NODE TEMP/1> : #<C1|2>

I'VE EXPANDED #<ABOX-NODE TEMP/1> : #<C1|2>
Node #<ABOX-NODE TEMP/1>: Adding concept definition of #<C1|2> : #<TOP>
REGISTER AS UNEXPANDED #<ABOX-NODE TEMP/1> : #<TOP>

#<TOP> DEPENDS ON : ((#<ABOX-NODE TEMP/1> #<C1|2>))

*** LOOKING FOR ANDS... 
*** LOOKING FOR DETERMINISTIC ORs... 
*** LOOKING FOR SATISFIED SOMEs... 
*** LOOKING FOR ATOMS... 
Found UNEXPANDED ATOM #<ABOX-NODE TEMP/1> : #<TOP>

I'VE EXPANDED #<ABOX-NODE TEMP/1> : #<TOP>
*** LOOKING FOR ANDS... 
*** LOOKING FOR DETERMINISTIC ORs... 
*** LOOKING FOR SATISFIED SOMEs... 
*** LOOKING FOR ATOMS... 
*** LOOKING FOR ANDS... 
*** LOOKING FOR DETERMINISTIC ORs... 
*** LOOKING FOR SATISFIED SOMEs... 
*** LOOKING FOR APPLICABLE ALLs... 
*** LOOKING FOR ATOMS... 
*** LOOKING FOR ANDS... 
*** LOOKING FOR DETERMINISTIC ORs... 
*** LOOKING FOR SATISFIED SOMEs... 
*** LOOKING FOR APPLICABLE ALLs... 
*** LOOKING FOR APPLICABLE ALLs... 
*** LOOKING FOR APPLICABLE ALLs... 


Expanding OR constraints...

**** CURRENT CHOICE POINT 1. OR CONCEPT #<ABOX-NODE TEMP/1> : #<(OR #<(ALL #<SIMPLE-ROLE R390> #<(NOT C13|59>)|95> #<(SOME #<SIMPLE-ROLE R398> #<(AND #<C14|63> #<(SOME #<SIMPLE-ROLE R202> #<C19|88>)|97>|99)>)|101>|103)>, DISJUNCT #<(ALL #<SIMPLE-ROLE R390> #<(NOT C13|59>)|95>, ALL DISJUNCTS: (#<(SOME #<SIMPLE-ROLE R398> #<(AND #<C14|63> #<(SOME #<SIMPLE-ROLE R202> #<C19|88>)|97>|99)>)|101>) *****
Syntactic selection of #<ABOX-NODE TEMP/1> : #<(ALL #<SIMPLE-ROLE R390> #<(NOT C13|59>)|95>
REGISTER AS UNEXPANDED #<ABOX-NODE TEMP/1> : #<(ALL #<SIMPLE-ROLE R390> #<(NOT C13|59>)|95>

#<(ALL #<SIMPLE-ROLE R390> #<(NOT C13|59>)|95> DEPENDS ON : ((#<ABOX-NODE TEMP/1> #<(OR #<(ALL #<SIMPLE-ROLE R390> #<(NOT C13|59>)|95> #<(SOME #<SIMPLE-ROLE R398> #<(AND #<C14|63> #<(SOME #<SIMPLE-ROLE R202> #<C19|88>)|97>|99)>)|101>|103)>))



**** INCARNATION LEVEL 2 *****

#<ABOX Nodes: (#<ABOX-NODE TEMP/1>), Edges:
NIL>


Expanding determinisitic constraints...



#<ABOX Node TEMP/1:

   TOLD             (#<C101|700>)
   ----------------------------
   UNEXPANDED POSITIVE ATOMS NIL 
   UNEXPANDED NEGATIVE ATOMS NIL
   UNEXPANDED          ANDS  NIL
   UNEXPANDED          ORS   (#<(OR #<(ALL #<SIMPLE-ROLE R180> #<(NOT C25|131>)|167> #<(SOME #<SIMPLE-ROLE R178> #<C25|130>)|169>|171)> #<(OR #<(SOME #<SIMPLE-ROLE R178> #<C25|130>)|169> #<(ALL #<SIMPLE-ROLE R180> #<(NOT C28|146>)|179> #<(ALL #<SIMPLE-ROLE R366> #<(OR #<(NOT C29|151> #<(ALL #<SIMPLE-ROLE R202> #<(NOT C31|161>)|181>|183)>)|185>|187)> #<(OR #<(ALL #<SIMPLE-ROLE R390> #<(NOT C13|59>)|95> #<(SOME #<SIMPLE-ROLE R398> #<(AND #<C14|63> #<(SOME #<SIMPLE-ROLE R202> #<C19|88>)|97>|99)>)|101>|103)>)
   UNEXPANDED          SOMES (#<(SOME #<SIMPLE-ROLE R184> #<C27|140>)|174>)
   UNEXPANDED          ALLS  (#<(ALL #<SIMPLE-ROLE R390> #<(NOT C13|59>)|95>)
   ----------------------------
   EXPANDED POSITIVE ATOMS   (#<C1|2> #<C101|700> #<C20|93> #<C32|165> #<C4|13> #<TOP>)
   EXPANDED NEGATIVE ATOMS   NIL
   EXPANDED          ANDS    (#<(AND #<C32|165> #<(SOME #<SIMPLE-ROLE R184> #<C27|140>)|174>|366)> #<(AND #<C20|93> #<(OR #<(ALL #<SIMPLE-ROLE R180> #<(NOT C25|131>)|167> #<(SOME #<SIMPLE-ROLE R178> #<C25|130>)|169>|171)> #<(OR #<(ALL #<SIMPLE-ROLE R184> #<(NOT C27|141>)|173> #<(SOME #<SIMPLE-ROLE R182> #<C27|140>)|175>|177)> #<(OR #<(SOME #<SIMPLE-ROLE R178> #<C25|130>)|169> #<(ALL #<SIMPLE-ROLE R180> #<(NOT C28|146>)|179> #<(ALL #<SIMPLE-ROLE R366> #<(OR #<(NOT C29|151> #<(ALL #<SIMPLE-ROLE R202> #<(NOT C31|161>)|181>|183)>)|185>|187)>|189)> #<(AND #<C4|13> #<(OR #<(ALL #<SIMPLE-ROLE R390> #<(NOT C13|59>)|95> #<(SOME #<SIMPLE-ROLE R398> #<(AND #<C14|63> #<(SOME #<SIMPLE-ROLE R202> #<C19|88>)|97>|99)>)|101>|103)>|105)>)
   EXPANDED          ORS     NIL
   EXPANDED          SOMES   NIL
   EXPANDED          ALLS    NIL>


*** LOOKING FOR ATOMS... 
*** LOOKING FOR ANDS... 
*** LOOKING FOR DETERMINISTIC ORs... 
Found TRUE OR #<ABOX-NODE TEMP/1> : #<(OR #<(ALL #<SIMPLE-ROLE R390> #<(NOT C13|59>)|95> #<(SOME #<SIMPLE-ROLE R398> #<(AND #<C14|63> #<(SOME #<SIMPLE-ROLE R202> #<C19|88>)|97>|99)>)|101>|103)> (FOUND TRUE (SUB)ARGUMENT ON TABLEAU) : (#<(ALL #<SIMPLE-ROLE R390> #<(NOT C13|59>)|95>)

I'VE EXPANDED #<ABOX-NODE TEMP/1> : #<(OR #<(ALL #<SIMPLE-ROLE R390> #<(NOT C13|59>)|95> #<(SOME #<SIMPLE-ROLE R398> #<(AND #<C14|63> #<(SOME #<SIMPLE-ROLE R202> #<C19|88>)|97>|99)>)|101>|103)>

#<(OR #<(ALL #<SIMPLE-ROLE R390> #<(NOT C13|59>)|95> #<(SOME #<SIMPLE-ROLE R398> #<(AND #<C14|63> #<(SOME #<SIMPLE-ROLE R202> #<C19|88>)|97>|99)>)|101>|103)> DEPENDS ON : ((#<ABOX-NODE TEMP/1> #<(OR #<(ALL #<SIMPLE-ROLE R390> #<(NOT C13|59>)|95> #<(SOME #<SIMPLE-ROLE R398> #<(AND #<C14|63> #<(SOME #<SIMPLE-ROLE R202> #<C19|88>)|97>|99)>)|101>|103)>))

*** LOOKING FOR SATISFIED SOMEs... 
*** LOOKING FOR ATOMS... 
*** LOOKING FOR ANDS... 
*** LOOKING FOR DETERMINISTIC ORs... 
*** LOOKING FOR SATISFIED SOMEs... 
*** LOOKING FOR APPLICABLE ALLs... 
*** LOOKING FOR ATOMS... 
*** LOOKING FOR ANDS... 
*** LOOKING FOR DETERMINISTIC ORs... 
*** LOOKING FOR SATISFIED SOMEs... 
*** LOOKING FOR APPLICABLE ALLs... 
*** LOOKING FOR APPLICABLE ALLs... 
*** LOOKING FOR APPLICABLE ALLs... 


Expanding OR constraints...

**** CURRENT CHOICE POINT 2. OR CONCEPT #<ABOX-NODE TEMP/1> : #<(OR #<(ALL #<SIMPLE-ROLE R180> #<(NOT C25|131>)|167> #<(SOME #<SIMPLE-ROLE R178> #<C25|130>)|169>|171)>, DISJUNCT #<(ALL #<SIMPLE-ROLE R180> #<(NOT C25|131>)|167>, ALL DISJUNCTS: (#<(SOME #<SIMPLE-ROLE R178> #<C25|130>)|169>) *****
Syntactic selection of #<ABOX-NODE TEMP/1> : #<(ALL #<SIMPLE-ROLE R180> #<(NOT C25|131>)|167>
REGISTER AS UNEXPANDED #<ABOX-NODE TEMP/1> : #<(ALL #<SIMPLE-ROLE R180> #<(NOT C25|131>)|167>

#<(ALL #<SIMPLE-ROLE R180> #<(NOT C25|131>)|167> DEPENDS ON : ((#<ABOX-NODE TEMP/1> #<(OR #<(ALL #<SIMPLE-ROLE R180> #<(NOT C25|131>)|167> #<(SOME #<SIMPLE-ROLE R178> #<C25|130>)|169>|171)>))



**** INCARNATION LEVEL 3 *****

#<ABOX Nodes: (#<ABOX-NODE TEMP/1>), Edges:
NIL>


Expanding determinisitic constraints...



#<ABOX Node TEMP/1:

   TOLD             (#<C101|700>)
   ----------------------------
   UNEXPANDED POSITIVE ATOMS NIL 
   UNEXPANDED NEGATIVE ATOMS NIL
   UNEXPANDED          ANDS  NIL
   UNEXPANDED          ORS   (#<(OR #<(ALL #<SIMPLE-ROLE R180> #<(NOT C25|131>)|167> #<(SOME #<SIMPLE-ROLE R178> #<C25|130>)|169>|171)> #<(OR #<(SOME #<SIMPLE-ROLE R178> #<C25|130>)|169> #<(ALL #<SIMPLE-ROLE R180> #<(NOT C28|146>)|179> #<(ALL #<SIMPLE-ROLE R366> #<(OR #<(NOT C29|151> #<(ALL #<SIMPLE-ROLE R202> #<(NOT C31|161>)|181>|183)>)|185>|187)>)
   UNEXPANDED          SOMES (#<(SOME #<SIMPLE-ROLE R184> #<C27|140>)|174>)
   UNEXPANDED          ALLS  (#<(ALL #<SIMPLE-ROLE R390> #<(NOT C13|59>)|95> #<(ALL #<SIMPLE-ROLE R180> #<(NOT C25|131>)|167>)
   ----------------------------
   EXPANDED POSITIVE ATOMS   (#<C1|2> #<C101|700> #<C20|93> #<C32|165> #<C4|13> #<TOP>)
   EXPANDED NEGATIVE ATOMS   NIL
   EXPANDED          ANDS    (#<(AND #<C32|165> #<(SOME #<SIMPLE-ROLE R184> #<C27|140>)|174>|366)> #<(AND #<C20|93> #<(OR #<(ALL #<SIMPLE-ROLE R180> #<(NOT C25|131>)|167> #<(SOME #<SIMPLE-ROLE R178> #<C25|130>)|169>|171)> #<(OR #<(ALL #<SIMPLE-ROLE R184> #<(NOT C27|141>)|173> #<(SOME #<SIMPLE-ROLE R182> #<C27|140>)|175>|177)> #<(OR #<(SOME #<SIMPLE-ROLE R178> #<C25|130>)|169> #<(ALL #<SIMPLE-ROLE R180> #<(NOT C28|146>)|179> #<(ALL #<SIMPLE-ROLE R366> #<(OR #<(NOT C29|151> #<(ALL #<SIMPLE-ROLE R202> #<(NOT C31|161>)|181>|183)>)|185>|187)>|189)> #<(AND #<C4|13> #<(OR #<(ALL #<SIMPLE-ROLE R390> #<(NOT C13|59>)|95> #<(SOME #<SIMPLE-ROLE R398> #<(AND #<C14|63> #<(SOME #<SIMPLE-ROLE R202> #<C19|88>)|97>|99)>)|101>|103)>|105)>)
   EXPANDED          ORS     (#<(OR #<(ALL #<SIMPLE-ROLE R390> #<(NOT C13|59>)|95> #<(SOME #<SIMPLE-ROLE R398> #<(AND #<C14|63> #<(SOME #<SIMPLE-ROLE R202> #<C19|88>)|97>|99)>)|101>|103)>)
   EXPANDED          SOMES   NIL
   EXPANDED          ALLS    NIL>


*** LOOKING FOR ATOMS... 
*** LOOKING FOR ANDS... 
*** LOOKING FOR DETERMINISTIC ORs... 
Found TRUE OR #<ABOX-NODE TEMP/1> : #<(OR #<(ALL #<SIMPLE-ROLE R180> #<(NOT C25|131>)|167> #<(SOME #<SIMPLE-ROLE R178> #<C25|130>)|169>|171)> (FOUND TRUE (SUB)ARGUMENT ON TABLEAU) : (#<(ALL #<SIMPLE-ROLE R180> #<(NOT C25|131>)|167>)

I'VE EXPANDED #<ABOX-NODE TEMP/1> : #<(OR #<(ALL #<SIMPLE-ROLE R180> #<(NOT C25|131>)|167> #<(SOME #<SIMPLE-ROLE R178> #<C25|130>)|169>|171)>

#<(OR #<(ALL #<SIMPLE-ROLE R180> #<(NOT C25|131>)|167> #<(SOME #<SIMPLE-ROLE R178> #<C25|130>)|169>|171)> DEPENDS ON : ((#<ABOX-NODE TEMP/1> #<(OR #<(ALL #<SIMPLE-ROLE R180> #<(NOT C25|131>)|167> #<(SOME #<SIMPLE-ROLE R178> #<C25|130>)|169>|171)>))

*** LOOKING FOR SATISFIED SOMEs... 
*** LOOKING FOR ATOMS... 
*** LOOKING FOR ANDS... 
*** LOOKING FOR DETERMINISTIC ORs... 
*** LOOKING FOR SATISFIED SOMEs... 
*** LOOKING FOR APPLICABLE ALLs... 
*** LOOKING FOR ATOMS... 
*** LOOKING FOR ANDS... 
*** LOOKING FOR DETERMINISTIC ORs... 
*** LOOKING FOR SATISFIED SOMEs... 
*** LOOKING FOR APPLICABLE ALLs... 
*** LOOKING FOR APPLICABLE ALLs... 
*** LOOKING FOR APPLICABLE ALLs... 


Expanding OR constraints...

**** CURRENT CHOICE POINT 3. OR CONCEPT #<ABOX-NODE TEMP/1> : #<(OR #<(SOME #<SIMPLE-ROLE R178> #<C25|130>)|169> #<(ALL #<SIMPLE-ROLE R180> #<(NOT C28|146>)|179> #<(ALL #<SIMPLE-ROLE R366> #<(OR #<(NOT C29|151> #<(ALL #<SIMPLE-ROLE R202> #<(NOT C31|161>)|181>|183)>)|185>|187)>, DISJUNCT #<(SOME #<SIMPLE-ROLE R178> #<C25|130>)|169>, ALL DISJUNCTS: (#<(ALL #<SIMPLE-ROLE R180> #<(NOT C28|146>)|179> #<(ALL #<SIMPLE-ROLE R366> #<(OR #<(NOT C29|151> #<(ALL #<SIMPLE-ROLE R202> #<(NOT C31|161>)|181>|183)>)|185>) *****
Syntactic selection of #<ABOX-NODE TEMP/1> : #<(SOME #<SIMPLE-ROLE R178> #<C25|130>)|169>
REGISTER AS UNEXPANDED #<ABOX-NODE TEMP/1> : #<(SOME #<SIMPLE-ROLE R178> #<C25|130>)|169>

#<(SOME #<SIMPLE-ROLE R178> #<C25|130>)|169> DEPENDS ON : ((#<ABOX-NODE TEMP/1> #<(OR #<(SOME #<SIMPLE-ROLE R178> #<C25|130>)|169> #<(ALL #<SIMPLE-ROLE R180> #<(NOT C28|146>)|179> #<(ALL #<SIMPLE-ROLE R366> #<(OR #<(NOT C29|151> #<(ALL #<SIMPLE-ROLE R202> #<(NOT C31|161>)|181>|183)>)|185>|187)>))



**** INCARNATION LEVEL 4 *****

#<ABOX Nodes: (#<ABOX-NODE TEMP/1>), Edges:
NIL>


Expanding determinisitic constraints...



#<ABOX Node TEMP/1:

   TOLD             (#<C101|700>)
   ----------------------------
   UNEXPANDED POSITIVE ATOMS NIL 
   UNEXPANDED NEGATIVE ATOMS NIL
   UNEXPANDED          ANDS  NIL
   UNEXPANDED          ORS   (#<(OR #<(SOME #<SIMPLE-ROLE R178> #<C25|130>)|169> #<(ALL #<SIMPLE-ROLE R180> #<(NOT C28|146>)|179> #<(ALL #<SIMPLE-ROLE R366> #<(OR #<(NOT C29|151> #<(ALL #<SIMPLE-ROLE R202> #<(NOT C31|161>)|181>|183)>)|185>|187)>)
   UNEXPANDED          SOMES (#<(SOME #<SIMPLE-ROLE R184> #<C27|140>)|174> #<(SOME #<SIMPLE-ROLE R178> #<C25|130>)|169>)
   UNEXPANDED          ALLS  (#<(ALL #<SIMPLE-ROLE R390> #<(NOT C13|59>)|95> #<(ALL #<SIMPLE-ROLE R180> #<(NOT C25|131>)|167>)
   ----------------------------
   EXPANDED POSITIVE ATOMS   (#<C1|2> #<C101|700> #<C20|93> #<C32|165> #<C4|13> #<TOP>)
   EXPANDED NEGATIVE ATOMS   NIL
   EXPANDED          ANDS    (#<(AND #<C32|165> #<(SOME #<SIMPLE-ROLE R184> #<C27|140>)|174>|366)> #<(AND #<C20|93> #<(OR #<(ALL #<SIMPLE-ROLE R180> #<(NOT C25|131>)|167> #<(SOME #<SIMPLE-ROLE R178> #<C25|130>)|169>|171)> #<(OR #<(ALL #<SIMPLE-ROLE R184> #<(NOT C27|141>)|173> #<(SOME #<SIMPLE-ROLE R182> #<C27|140>)|175>|177)> #<(OR #<(SOME #<SIMPLE-ROLE R178> #<C25|130>)|169> #<(ALL #<SIMPLE-ROLE R180> #<(NOT C28|146>)|179> #<(ALL #<SIMPLE-ROLE R366> #<(OR #<(NOT C29|151> #<(ALL #<SIMPLE-ROLE R202> #<(NOT C31|161>)|181>|183)>)|185>|187)>|189)> #<(AND #<C4|13> #<(OR #<(ALL #<SIMPLE-ROLE R390> #<(NOT C13|59>)|95> #<(SOME #<SIMPLE-ROLE R398> #<(AND #<C14|63> #<(SOME #<SIMPLE-ROLE R202> #<C19|88>)|97>|99)>)|101>|103)>|105)>)
   EXPANDED          ORS     (#<(OR #<(ALL #<SIMPLE-ROLE R390> #<(NOT C13|59>)|95> #<(SOME #<SIMPLE-ROLE R398> #<(AND #<C14|63> #<(SOME #<SIMPLE-ROLE R202> #<C19|88>)|97>|99)>)|101>|103)> #<(OR #<(ALL #<SIMPLE-ROLE R180> #<(NOT C25|131>)|167> #<(SOME #<SIMPLE-ROLE R178> #<C25|130>)|169>|171)>)
   EXPANDED          SOMES   NIL
   EXPANDED          ALLS    NIL>


*** LOOKING FOR ATOMS... 
*** LOOKING FOR ANDS... 
*** LOOKING FOR DETERMINISTIC ORs... 
Found TRUE OR #<ABOX-NODE TEMP/1> : #<(OR #<(SOME #<SIMPLE-ROLE R178> #<C25|130>)|169> #<(ALL #<SIMPLE-ROLE R180> #<(NOT C28|146>)|179> #<(ALL #<SIMPLE-ROLE R366> #<(OR #<(NOT C29|151> #<(ALL #<SIMPLE-ROLE R202> #<(NOT C31|161>)|181>|183)>)|185>|187)> (FOUND TRUE (SUB)ARGUMENT ON TABLEAU) : (#<(SOME #<SIMPLE-ROLE R178> #<C25|130>)|169>)

I'VE EXPANDED #<ABOX-NODE TEMP/1> : #<(OR #<(SOME #<SIMPLE-ROLE R178> #<C25|130>)|169> #<(ALL #<SIMPLE-ROLE R180> #<(NOT C28|146>)|179> #<(ALL #<SIMPLE-ROLE R366> #<(OR #<(NOT C29|151> #<(ALL #<SIMPLE-ROLE R202> #<(NOT C31|161>)|181>|183)>)|185>|187)>

#<(OR #<(SOME #<SIMPLE-ROLE R178> #<C25|130>)|169> #<(ALL #<SIMPLE-ROLE R180> #<(NOT C28|146>)|179> #<(ALL #<SIMPLE-ROLE R366> #<(OR #<(NOT C29|151> #<(ALL #<SIMPLE-ROLE R202> #<(NOT C31|161>)|181>|183)>)|185>|187)> DEPENDS ON : ((#<ABOX-NODE TEMP/1> #<(OR #<(SOME #<SIMPLE-ROLE R178> #<C25|130>)|169> #<(ALL #<SIMPLE-ROLE R180> #<(NOT C28|146>)|179> #<(ALL #<SIMPLE-ROLE R366> #<(OR #<(NOT C29|151> #<(ALL #<SIMPLE-ROLE R202> #<(NOT C31|161>)|181>|183)>)|185>|187)>))

*** LOOKING FOR SATISFIED SOMEs... 
*** LOOKING FOR ATOMS... 
*** LOOKING FOR ANDS... 
*** LOOKING FOR DETERMINISTIC ORs... 
*** LOOKING FOR SATISFIED SOMEs... 
*** LOOKING FOR APPLICABLE ALLs... 
*** LOOKING FOR ATOMS... 
*** LOOKING FOR ANDS... 
*** LOOKING FOR DETERMINISTIC ORs... 
*** LOOKING FOR SATISFIED SOMEs... 
*** LOOKING FOR APPLICABLE ALLs... 
*** LOOKING FOR APPLICABLE ALLs... 
*** LOOKING FOR APPLICABLE ALLs... 


Expanding OR constraints...



Expanding SOME/ALL constraints...

Selected #<ABOX-NODE TEMP/1> : #<(SOME #<SIMPLE-ROLE R184> #<C27|140>)|174>
**** EXPANDING #<ABOX-NODE TEMP/1> : #<(SOME #<SIMPLE-ROLE R184> #<C27|140>)|174> - DETERMINISTIC PART, CREATING NEW NODE!

I'VE EXPANDED #<ABOX-NODE TEMP/1> : #<(SOME #<SIMPLE-ROLE R184> #<C27|140>)|174>
REGISTER AS UNEXPANDED #<ABOX-NODE TEMP169935/2> : #<C27|140>

#<C27|140> DEPENDS ON : ((#<ABOX-NODE TEMP/1> #<(SOME #<SIMPLE-ROLE R184> #<C27|140>)|174>))



**** INCARNATION LEVEL 5 *****

#<ABOX Nodes: (#<ABOX-NODE TEMP/1> #<ABOX-NODE TEMP169935/2>), Edges:
(#<ABOX-EDGE EDGE/1 (1,2): #<SIMPLE-ROLE R184> (0)>)>


Expanding determinisitic constraints...



#<ABOX Node TEMP/1:

   TOLD             (#<C101|700>)
   ----------------------------
   UNEXPANDED POSITIVE ATOMS NIL 
   UNEXPANDED NEGATIVE ATOMS NIL
   UNEXPANDED          ANDS  NIL
   UNEXPANDED          ORS   NIL
   UNEXPANDED          SOMES (#<(SOME #<SIMPLE-ROLE R178> #<C25|130>)|169>)
   UNEXPANDED          ALLS  (#<(ALL #<SIMPLE-ROLE R390> #<(NOT C13|59>)|95> #<(ALL #<SIMPLE-ROLE R180> #<(NOT C25|131>)|167>)
   ----------------------------
   EXPANDED POSITIVE ATOMS   (#<C1|2> #<C101|700> #<C20|93> #<C32|165> #<C4|13> #<TOP>)
   EXPANDED NEGATIVE ATOMS   NIL
   EXPANDED          ANDS    (#<(AND #<C32|165> #<(SOME #<SIMPLE-ROLE R184> #<C27|140>)|174>|366)> #<(AND #<C20|93> #<(OR #<(ALL #<SIMPLE-ROLE R180> #<(NOT C25|131>)|167> #<(SOME #<SIMPLE-ROLE R178> #<C25|130>)|169>|171)> #<(OR #<(ALL #<SIMPLE-ROLE R184> #<(NOT C27|141>)|173> #<(SOME #<SIMPLE-ROLE R182> #<C27|140>)|175>|177)> #<(OR #<(SOME #<SIMPLE-ROLE R178> #<C25|130>)|169> #<(ALL #<SIMPLE-ROLE R180> #<(NOT C28|146>)|179> #<(ALL #<SIMPLE-ROLE R366> #<(OR #<(NOT C29|151> #<(ALL #<SIMPLE-ROLE R202> #<(NOT C31|161>)|181>|183)>)|185>|187)>|189)> #<(AND #<C4|13> #<(OR #<(ALL #<SIMPLE-ROLE R390> #<(NOT C13|59>)|95> #<(SOME #<SIMPLE-ROLE R398> #<(AND #<C14|63> #<(SOME #<SIMPLE-ROLE R202> #<C19|88>)|97>|99)>)|101>|103)>|105)>)
   EXPANDED          ORS     (#<(OR #<(ALL #<SIMPLE-ROLE R390> #<(NOT C13|59>)|95> #<(SOME #<SIMPLE-ROLE R398> #<(AND #<C14|63> #<(SOME #<SIMPLE-ROLE R202> #<C19|88>)|97>|99)>)|101>|103)> #<(OR #<(ALL #<SIMPLE-ROLE R180> #<(NOT C25|131>)|167> #<(SOME #<SIMPLE-ROLE R178> #<C25|130>)|169>|171)> #<(OR #<(SOME #<SIMPLE-ROLE R178> #<C25|130>)|169> #<(ALL #<SIMPLE-ROLE R180> #<(NOT C28|146>)|179> #<(ALL #<SIMPLE-ROLE R366> #<(OR #<(NOT C29|151> #<(ALL #<SIMPLE-ROLE R202> #<(NOT C31|161>)|181>|183)>)|185>|187)>)
   EXPANDED          SOMES   (#<(SOME #<SIMPLE-ROLE R184> #<C27|140>)|174>)
   EXPANDED          ALLS    NIL>




#<ABOX Node TEMP169935/2:

   TOLD             NIL
   ----------------------------
   UNEXPANDED POSITIVE ATOMS (#<C27|140>) 
   UNEXPANDED NEGATIVE ATOMS NIL
   UNEXPANDED          ANDS  NIL
   UNEXPANDED          ORS   NIL
   UNEXPANDED          SOMES NIL
   UNEXPANDED          ALLS  NIL
   ----------------------------
   EXPANDED POSITIVE ATOMS   NIL
   EXPANDED NEGATIVE ATOMS   NIL
   EXPANDED          ANDS    NIL
   EXPANDED          ORS     NIL
   EXPANDED          SOMES   NIL
   EXPANDED          ALLS    NIL>


*** LOOKING FOR APPLICABLE ALLs... 
*** LOOKING FOR APPLICABLE ALLs... 
*** LOOKING FOR ATOMS... 
Found UNEXPANDED ATOM #<ABOX-NODE TEMP169935/2> : #<C27|140>

I'VE EXPANDED #<ABOX-NODE TEMP169935/2> : #<C27|140>
Node #<ABOX-NODE TEMP169935/2>: Adding concept definition of #<C27|140> : #<C26|135>
REGISTER AS UNEXPANDED #<ABOX-NODE TEMP169935/2> : #<C26|135>

#<C26|135> DEPENDS ON : ((#<ABOX-NODE TEMP169935/2> #<C27|140>))

*** LOOKING FOR ANDS... 
*** LOOKING FOR DETERMINISTIC ORs... 
*** LOOKING FOR SATISFIED SOMEs... 
*** LOOKING FOR ATOMS... 
Found UNEXPANDED ATOM #<ABOX-NODE TEMP169935/2> : #<C26|135>

I'VE EXPANDED #<ABOX-NODE TEMP169935/2> : #<C26|135>
Node #<ABOX-NODE TEMP169935/2>: Adding concept definition of #<C26|135> : #<C23|120>
REGISTER AS UNEXPANDED #<ABOX-NODE TEMP169935/2> : #<C23|120>

#<C23|120> DEPENDS ON : ((#<ABOX-NODE TEMP169935/2> #<C26|135>))

*** LOOKING FOR ANDS... 
*** LOOKING FOR DETERMINISTIC ORs... 
*** LOOKING FOR SATISFIED SOMEs... 
*** LOOKING FOR ATOMS... 
Found UNEXPANDED ATOM #<ABOX-NODE TEMP169935/2> : #<C23|120>

I'VE EXPANDED #<ABOX-NODE TEMP169935/2> : #<C23|120>
Node #<ABOX-NODE TEMP169935/2>: Adding concept definition of #<C23|120> : #<C22|115>
REGISTER AS UNEXPANDED #<ABOX-NODE TEMP169935/2> : #<C22|115>

#<C22|115> DEPENDS ON : ((#<ABOX-NODE TEMP169935/2> #<C23|120>))

*** LOOKING FOR ANDS... 
*** LOOKING FOR DETERMINISTIC ORs... 
*** LOOKING FOR SATISFIED SOMEs... 
*** LOOKING FOR ATOMS... 
Found UNEXPANDED ATOM #<ABOX-NODE TEMP169935/2> : #<C22|115>

I'VE EXPANDED #<ABOX-NODE TEMP169935/2> : #<C22|115>
Node #<ABOX-NODE TEMP169935/2>: Adding concept definition of #<C22|115> : #<C21|110>
REGISTER AS UNEXPANDED #<ABOX-NODE TEMP169935/2> : #<C21|110>

#<C21|110> DEPENDS ON : ((#<ABOX-NODE TEMP169935/2> #<C22|115>))

*** LOOKING FOR ANDS... 
*** LOOKING FOR DETERMINISTIC ORs... 
*** LOOKING FOR SATISFIED SOMEs... 
*** LOOKING FOR ATOMS... 
Found UNEXPANDED ATOM #<ABOX-NODE TEMP169935/2> : #<C21|110>

I'VE EXPANDED #<ABOX-NODE TEMP169935/2> : #<C21|110>
Node #<ABOX-NODE TEMP169935/2>: Adding concept definition of #<C21|110> : #<C9|38>
REGISTER AS UNEXPANDED #<ABOX-NODE TEMP169935/2> : #<C9|38>

#<C9|38> DEPENDS ON : ((#<ABOX-NODE TEMP169935/2> #<C21|110>))

*** LOOKING FOR ANDS... 
*** LOOKING FOR DETERMINISTIC ORs... 
*** LOOKING FOR SATISFIED SOMEs... 
*** LOOKING FOR ATOMS... 
Found UNEXPANDED ATOM #<ABOX-NODE TEMP169935/2> : #<C9|38>

I'VE EXPANDED #<ABOX-NODE TEMP169935/2> : #<C9|38>
Node #<ABOX-NODE TEMP169935/2>: Adding concept definition of #<C9|38> : #<C5|18>
REGISTER AS UNEXPANDED #<ABOX-NODE TEMP169935/2> : #<C5|18>

#<C5|18> DEPENDS ON : ((#<ABOX-NODE TEMP169935/2> #<C9|38>))

*** LOOKING FOR ANDS... 
*** LOOKING FOR DETERMINISTIC ORs... 
*** LOOKING FOR SATISFIED SOMEs... 
*** LOOKING FOR ATOMS... 
Found UNEXPANDED ATOM #<ABOX-NODE TEMP169935/2> : #<C5|18>

I'VE EXPANDED #<ABOX-NODE TEMP169935/2> : #<C5|18>
Node #<ABOX-NODE TEMP169935/2>: Adding concept definition of #<C5|18> : #<C4|13>
REGISTER AS UNEXPANDED #<ABOX-NODE TEMP169935/2> : #<C4|13>

#<C4|13> DEPENDS ON : ((#<ABOX-NODE TEMP169935/2> #<C5|18>))

*** LOOKING FOR ANDS... 
*** LOOKING FOR DETERMINISTIC ORs... 
*** LOOKING FOR SATISFIED SOMEs... 
*** LOOKING FOR ATOMS... 
Found UNEXPANDED ATOM #<ABOX-NODE TEMP169935/2> : #<C4|13>

I'VE EXPANDED #<ABOX-NODE TEMP169935/2> : #<C4|13>
Node #<ABOX-NODE TEMP169935/2>: Adding concept definition of #<C4|13> : #<C1|2>
REGISTER AS UNEXPANDED #<ABOX-NODE TEMP169935/2> : #<C1|2>

#<C1|2> DEPENDS ON : ((#<ABOX-NODE TEMP169935/2> #<C4|13>))

*** LOOKING FOR ANDS... 
*** LOOKING FOR DETERMINISTIC ORs... 
*** LOOKING FOR SATISFIED SOMEs... 
*** LOOKING FOR ATOMS... 
Found UNEXPANDED ATOM #<ABOX-NODE TEMP169935/2> : #<C1|2>

I'VE EXPANDED #<ABOX-NODE TEMP169935/2> : #<C1|2>
Node #<ABOX-NODE TEMP169935/2>: Adding concept definition of #<C1|2> : #<TOP>
REGISTER AS UNEXPANDED #<ABOX-NODE TEMP169935/2> : #<TOP>

#<TOP> DEPENDS ON : ((#<ABOX-NODE TEMP169935/2> #<C1|2>))

*** LOOKING FOR ANDS... 
*** LOOKING FOR DETERMINISTIC ORs... 
*** LOOKING FOR SATISFIED SOMEs... 
*** LOOKING FOR ATOMS... 
Found UNEXPANDED ATOM #<ABOX-NODE TEMP169935/2> : #<TOP>

I'VE EXPANDED #<ABOX-NODE TEMP169935/2> : #<TOP>
*** LOOKING FOR ANDS... 
*** LOOKING FOR DETERMINISTIC ORs... 
*** LOOKING FOR SATISFIED SOMEs... 
*** LOOKING FOR ATOMS... 
*** LOOKING FOR ANDS... 
*** LOOKING FOR DETERMINISTIC ORs... 
*** LOOKING FOR SATISFIED SOMEs... 
*** LOOKING FOR APPLICABLE ALLs... 
*** LOOKING FOR ATOMS... 
*** LOOKING FOR ANDS... 
*** LOOKING FOR DETERMINISTIC ORs... 
*** LOOKING FOR SATISFIED SOMEs... 
*** LOOKING FOR APPLICABLE ALLs... 
*** LOOKING FOR APPLICABLE ALLs... 
*** LOOKING FOR APPLICABLE ALLs... 
*** LOOKING FOR APPLICABLE ALLs... 
*** LOOKING FOR APPLICABLE ALLs... 


Expanding OR constraints...



Expanding SOME/ALL constraints...

Selected #<ABOX-NODE TEMP/1> : #<(SOME #<SIMPLE-ROLE R178> #<C25|130>)|169>
**** EXPANDING #<ABOX-NODE TEMP/1> : #<(SOME #<SIMPLE-ROLE R178> #<C25|130>)|169> - DETERMINISTIC PART, CREATING NEW NODE!

I'VE EXPANDED #<ABOX-NODE TEMP/1> : #<(SOME #<SIMPLE-ROLE R178> #<C25|130>)|169>
REGISTER AS UNEXPANDED #<ABOX-NODE TEMP269936/3> : #<C25|130>

#<C25|130> DEPENDS ON : ((#<ABOX-NODE TEMP/1> #<(SOME #<SIMPLE-ROLE R178> #<C25|130>)|169>))



**** INCARNATION LEVEL 6 *****

#<ABOX Nodes: (#<ABOX-NODE TEMP/1> #<ABOX-NODE TEMP269936/3>), Edges:
(#<ABOX-EDGE EDGE/2 (1,3): #<SIMPLE-ROLE R178> (3 0)>)>


Expanding determinisitic constraints...



#<ABOX Node TEMP/1:

   TOLD             (#<C101|700>)
   ----------------------------
   UNEXPANDED POSITIVE ATOMS NIL 
   UNEXPANDED NEGATIVE ATOMS NIL
   UNEXPANDED          ANDS  NIL
   UNEXPANDED          ORS   NIL
   UNEXPANDED          SOMES NIL
   UNEXPANDED          ALLS  (#<(ALL #<SIMPLE-ROLE R390> #<(NOT C13|59>)|95> #<(ALL #<SIMPLE-ROLE R180> #<(NOT C25|131>)|167>)
   ----------------------------
   EXPANDED POSITIVE ATOMS   (#<C1|2> #<C101|700> #<C20|93> #<C32|165> #<C4|13> #<TOP>)
   EXPANDED NEGATIVE ATOMS   NIL
   EXPANDED          ANDS    (#<(AND #<C32|165> #<(SOME #<SIMPLE-ROLE R184> #<C27|140>)|174>|366)> #<(AND #<C20|93> #<(OR #<(ALL #<SIMPLE-ROLE R180> #<(NOT C25|131>)|167> #<(SOME #<SIMPLE-ROLE R178> #<C25|130>)|169>|171)> #<(OR #<(ALL #<SIMPLE-ROLE R184> #<(NOT C27|141>)|173> #<(SOME #<SIMPLE-ROLE R182> #<C27|140>)|175>|177)> #<(OR #<(SOME #<SIMPLE-ROLE R178> #<C25|130>)|169> #<(ALL #<SIMPLE-ROLE R180> #<(NOT C28|146>)|179> #<(ALL #<SIMPLE-ROLE R366> #<(OR #<(NOT C29|151> #<(ALL #<SIMPLE-ROLE R202> #<(NOT C31|161>)|181>|183)>)|185>|187)>|189)> #<(AND #<C4|13> #<(OR #<(ALL #<SIMPLE-ROLE R390> #<(NOT C13|59>)|95> #<(SOME #<SIMPLE-ROLE R398> #<(AND #<C14|63> #<(SOME #<SIMPLE-ROLE R202> #<C19|88>)|97>|99)>)|101>|103)>|105)>)
   EXPANDED          ORS     (#<(OR #<(ALL #<SIMPLE-ROLE R390> #<(NOT C13|59>)|95> #<(SOME #<SIMPLE-ROLE R398> #<(AND #<C14|63> #<(SOME #<SIMPLE-ROLE R202> #<C19|88>)|97>|99)>)|101>|103)> #<(OR #<(ALL #<SIMPLE-ROLE R180> #<(NOT C25|131>)|167> #<(SOME #<SIMPLE-ROLE R178> #<C25|130>)|169>|171)> #<(OR #<(SOME #<SIMPLE-ROLE R178> #<C25|130>)|169> #<(ALL #<SIMPLE-ROLE R180> #<(NOT C28|146>)|179> #<(ALL #<SIMPLE-ROLE R366> #<(OR #<(NOT C29|151> #<(ALL #<SIMPLE-ROLE R202> #<(NOT C31|161>)|181>|183)>)|185>|187)>)
   EXPANDED          SOMES   (#<(SOME #<SIMPLE-ROLE R184> #<C27|140>)|174> #<(SOME #<SIMPLE-ROLE R178> #<C25|130>)|169>)
   EXPANDED          ALLS    NIL>




#<ABOX Node TEMP269936/3:

   TOLD             NIL
   ----------------------------
   UNEXPANDED POSITIVE ATOMS (#<C25|130>) 
   UNEXPANDED NEGATIVE ATOMS NIL
   UNEXPANDED          ANDS  NIL
   UNEXPANDED          ORS   NIL
   UNEXPANDED          SOMES NIL
   UNEXPANDED          ALLS  NIL
   ----------------------------
   EXPANDED POSITIVE ATOMS   NIL
   EXPANDED NEGATIVE ATOMS   NIL
   EXPANDED          ANDS    NIL
   EXPANDED          ORS     NIL
   EXPANDED          SOMES   NIL
   EXPANDED          ALLS    NIL>


*** LOOKING FOR APPLICABLE ALLs... 
*** LOOKING FOR APPLICABLE ALLs... 
*** LOOKING FOR ATOMS... 
Found UNEXPANDED ATOM #<ABOX-NODE TEMP269936/3> : #<C25|130>

I'VE EXPANDED #<ABOX-NODE TEMP269936/3> : #<C25|130>
Node #<ABOX-NODE TEMP269936/3>: Adding concept definition of #<C25|130> : #<C24|125>
REGISTER AS UNEXPANDED #<ABOX-NODE TEMP269936/3> : #<C24|125>

#<C24|125> DEPENDS ON : ((#<ABOX-NODE TEMP269936/3> #<C25|130>))

*** LOOKING FOR ANDS... 
*** LOOKING FOR DETERMINISTIC ORs... 
*** LOOKING FOR SATISFIED SOMEs... 
*** LOOKING FOR ATOMS... 
Found UNEXPANDED ATOM #<ABOX-NODE TEMP269936/3> : #<C24|125>

I'VE EXPANDED #<ABOX-NODE TEMP269936/3> : #<C24|125>
Node #<ABOX-NODE TEMP269936/3>: Adding concept definition of #<C24|125> : #<C23|120>
REGISTER AS UNEXPANDED #<ABOX-NODE TEMP269936/3> : #<C23|120>

#<C23|120> DEPENDS ON : ((#<ABOX-NODE TEMP269936/3> #<C24|125>))

*** LOOKING FOR ANDS... 
*** LOOKING FOR DETERMINISTIC ORs... 
*** LOOKING FOR SATISFIED SOMEs... 
*** LOOKING FOR ATOMS... 
Found UNEXPANDED ATOM #<ABOX-NODE TEMP269936/3> : #<C23|120>

I'VE EXPANDED #<ABOX-NODE TEMP269936/3> : #<C23|120>
Node #<ABOX-NODE TEMP269936/3>: Adding concept definition of #<C23|120> : #<C22|115>
REGISTER AS UNEXPANDED #<ABOX-NODE TEMP269936/3> : #<C22|115>

#<C22|115> DEPENDS ON : ((#<ABOX-NODE TEMP269936/3> #<C23|120>))

*** LOOKING FOR ANDS... 
*** LOOKING FOR DETERMINISTIC ORs... 
*** LOOKING FOR SATISFIED SOMEs... 
*** LOOKING FOR ATOMS... 
Found UNEXPANDED ATOM #<ABOX-NODE TEMP269936/3> : #<C22|115>

I'VE EXPANDED #<ABOX-NODE TEMP269936/3> : #<C22|115>
Node #<ABOX-NODE TEMP269936/3>: Adding concept definition of #<C22|115> : #<C21|110>
REGISTER AS UNEXPANDED #<ABOX-NODE TEMP269936/3> : #<C21|110>

#<C21|110> DEPENDS ON : ((#<ABOX-NODE TEMP269936/3> #<C22|115>))

*** LOOKING FOR ANDS... 
*** LOOKING FOR DETERMINISTIC ORs... 
*** LOOKING FOR SATISFIED SOMEs... 
*** LOOKING FOR ATOMS... 
Found UNEXPANDED ATOM #<ABOX-NODE TEMP269936/3> : #<C21|110>

I'VE EXPANDED #<ABOX-NODE TEMP269936/3> : #<C21|110>
Node #<ABOX-NODE TEMP269936/3>: Adding concept definition of #<C21|110> : #<C9|38>
REGISTER AS UNEXPANDED #<ABOX-NODE TEMP269936/3> : #<C9|38>

#<C9|38> DEPENDS ON : ((#<ABOX-NODE TEMP269936/3> #<C21|110>))

*** LOOKING FOR ANDS... 
*** LOOKING FOR DETERMINISTIC ORs... 
*** LOOKING FOR SATISFIED SOMEs... 
*** LOOKING FOR ATOMS... 
Found UNEXPANDED ATOM #<ABOX-NODE TEMP269936/3> : #<C9|38>

I'VE EXPANDED #<ABOX-NODE TEMP269936/3> : #<C9|38>
Node #<ABOX-NODE TEMP269936/3>: Adding concept definition of #<C9|38> : #<C5|18>
REGISTER AS UNEXPANDED #<ABOX-NODE TEMP269936/3> : #<C5|18>

#<C5|18> DEPENDS ON : ((#<ABOX-NODE TEMP269936/3> #<C9|38>))

*** LOOKING FOR ANDS... 
*** LOOKING FOR DETERMINISTIC ORs... 
*** LOOKING FOR SATISFIED SOMEs... 
*** LOOKING FOR ATOMS... 
Found UNEXPANDED ATOM #<ABOX-NODE TEMP269936/3> : #<C5|18>

I'VE EXPANDED #<ABOX-NODE TEMP269936/3> : #<C5|18>
Node #<ABOX-NODE TEMP269936/3>: Adding concept definition of #<C5|18> : #<C4|13>
REGISTER AS UNEXPANDED #<ABOX-NODE TEMP269936/3> : #<C4|13>

#<C4|13> DEPENDS ON : ((#<ABOX-NODE TEMP269936/3> #<C5|18>))

*** LOOKING FOR ANDS... 
*** LOOKING FOR DETERMINISTIC ORs... 
*** LOOKING FOR SATISFIED SOMEs... 
*** LOOKING FOR ATOMS... 
Found UNEXPANDED ATOM #<ABOX-NODE TEMP269936/3> : #<C4|13>

I'VE EXPANDED #<ABOX-NODE TEMP269936/3> : #<C4|13>
Node #<ABOX-NODE TEMP269936/3>: Adding concept definition of #<C4|13> : #<C1|2>
REGISTER AS UNEXPANDED #<ABOX-NODE TEMP269936/3> : #<C1|2>

#<C1|2> DEPENDS ON : ((#<ABOX-NODE TEMP269936/3> #<C4|13>))

*** LOOKING FOR ANDS... 
*** LOOKING FOR DETERMINISTIC ORs... 
*** LOOKING FOR SATISFIED SOMEs... 
*** LOOKING FOR ATOMS... 
Found UNEXPANDED ATOM #<ABOX-NODE TEMP269936/3> : #<C1|2>

I'VE EXPANDED #<ABOX-NODE TEMP269936/3> : #<C1|2>
Node #<ABOX-NODE TEMP269936/3>: Adding concept definition of #<C1|2> : #<TOP>
REGISTER AS UNEXPANDED #<ABOX-NODE TEMP269936/3> : #<TOP>

#<TOP> DEPENDS ON : ((#<ABOX-NODE TEMP269936/3> #<C1|2>))

*** LOOKING FOR ANDS... 
*** LOOKING FOR DETERMINISTIC ORs... 
*** LOOKING FOR SATISFIED SOMEs... 
*** LOOKING FOR ATOMS... 
Found UNEXPANDED ATOM #<ABOX-NODE TEMP269936/3> : #<TOP>

I'VE EXPANDED #<ABOX-NODE TEMP269936/3> : #<TOP>
*** LOOKING FOR ANDS... 
*** LOOKING FOR DETERMINISTIC ORs... 
*** LOOKING FOR SATISFIED SOMEs... 
*** LOOKING FOR ATOMS... 
*** LOOKING FOR ANDS... 
*** LOOKING FOR DETERMINISTIC ORs... 
*** LOOKING FOR SATISFIED SOMEs... 
*** LOOKING FOR APPLICABLE ALLs... 
*** LOOKING FOR ATOMS... 
*** LOOKING FOR ANDS... 
*** LOOKING FOR DETERMINISTIC ORs... 
*** LOOKING FOR SATISFIED SOMEs... 
*** LOOKING FOR APPLICABLE ALLs... 
*** LOOKING FOR APPLICABLE ALLs... 
*** LOOKING FOR APPLICABLE ALLs... 
*** LOOKING FOR APPLICABLE ALLs... 
*** LOOKING FOR APPLICABLE ALLs... 


Expanding OR constraints...



Expanding SOME/ALL constraints...

*** COMPLETION FOUND! ***NIL